PLINK v1.90b7.3 64-bit (4 Aug 2024)
Options in effect:
  --bfile genotypes
  --out rs10876043_genotypes
  --recode A
  --snp rs10876043

Hostname: BELINDA
Working directory: /mnt/d/GWAS/GWAS_workshop
Start time: Thu Aug 22 17:20:52 2024

Random number seed: 1724347252
7852 MB RAM detected; reserving 3926 MB for main workspace.
1 out of 256896 variants loaded from .bim file.
176 people (96 males, 80 females) loaded from .fam.
Using 1 thread (no multithreaded calculations invoked).
Before main variant filters, 176 founders and 0 nonfounders present.
Calculating allele frequencies... done.
Total genotyping rate is 0.926136.
1 variant and 176 people pass filters and QC.
Note: No phenotypes present.
--recode A to rs10876043_genotypes.raw ... done.

End time: Thu Aug 22 17:20:53 2024
